================================================================================
JobID = 14132765
User = sgupta5, Account = all
Partition = int, Nodelist = amp095
================================================================================
:BASIC TEST FOR LOADED MODULE CHECK FOR JAVA:
/var/spool/slurm/d/job14132765/slurm_script: line 6: HOSTNAME: command not found
1. Java version:
java version "1.7.0_261"
OpenJDK Runtime Environment (rhel-2.6.22.2.el7_8-x86_64 u261-b02)
OpenJDK 64-Bit Server VM (build 24.261-b02, mixed mode)
2. Basic java class:
/var/spool/slurm/d/job14132765/slurm_script: line 15: javac: command not found
The sum of 2 & 4 is 6
============ Job Information ===================================================
Submitted: 2022-12-08T11:06:32
Started: 2022-12-08T11:06:32
Ended: 2022-12-08T11:06:34
Elapsed: 1 min, Limit:  min, Difference: -1 min
CPUs: 0, Nodes: 0
============= ProfiT-HPC =======================================================
To generate the ProfiT-HPC text report, run the following command
profit-hpc 14132765
================================================================================
