================================================================================
JobID = 14185516
User = sgupta5, Account = all
Partition = int, Nodelist = amp095
================================================================================
:BASIC TEST FOR LOADED MODULE CHECK FOR PYTHON:
1. Python version:
Python 3.9.15
2. Basic inline python command:
Sum of 3 & 4 is:  7.0
3. Basic python script:
0.8414709848078965
0.5403023058681397
{'temperatures': [4, 3, 7, 9, 11, 14, 16, 17, 12, 11, 9, 9], 'months': ['Jan', 'Feb', 'Mar', 'Apr', 'May', 'Jun', 'Jul', 'Aug', 'Sep', 'Oct', 'Nov', 'Dec']}
    temperatures months
0              4    Jan
1              3    Feb
2              7    Mar
3              9    Apr
4             11    May
5             14    Jun
6             16    Jul
7             17    Aug
8             12    Sep
9             11    Oct
10             9    Nov
11             9    Dec
4. Load Anaconda3:

Currently Loaded Modules:
  1) anaconda3/2021.05

 

Collecting package metadata (current_repodata.json): ...working... done
Solving environment: ...working... done

## Package Plan ##

  environment location: /usr/users/sgupta5/.conda/envs/test-suite-env-1

  added / updated specs:
    - pip
    - python=3.8


The following packages will be downloaded:

    package                    |            build
    ---------------------------|-----------------
    pip-22.3.1                 |   py38h06a4308_0         2.7 MB
    ------------------------------------------------------------
                                           Total:         2.7 MB

The following NEW packages will be INSTALLED:

  _libgcc_mutex      pkgs/main/linux-64::_libgcc_mutex-0.1-main
  _openmp_mutex      pkgs/main/linux-64::_openmp_mutex-5.1-1_gnu
  ca-certificates    pkgs/main/linux-64::ca-certificates-2022.10.11-h06a4308_0
  certifi            pkgs/main/linux-64::certifi-2022.9.24-py38h06a4308_0
  ld_impl_linux-64   pkgs/main/linux-64::ld_impl_linux-64-2.38-h1181459_1
  libffi             pkgs/main/linux-64::libffi-3.4.2-h6a678d5_6
  libgcc-ng          pkgs/main/linux-64::libgcc-ng-11.2.0-h1234567_1
  libgomp            pkgs/main/linux-64::libgomp-11.2.0-h1234567_1
  libstdcxx-ng       pkgs/main/linux-64::libstdcxx-ng-11.2.0-h1234567_1
  ncurses            pkgs/main/linux-64::ncurses-6.3-h5eee18b_3
  openssl            pkgs/main/linux-64::openssl-1.1.1s-h7f8727e_0
  pip                pkgs/main/linux-64::pip-22.3.1-py38h06a4308_0
  python             pkgs/main/linux-64::python-3.8.15-h7a1cb2a_2
  readline           pkgs/main/linux-64::readline-8.2-h5eee18b_0
  setuptools         pkgs/main/linux-64::setuptools-65.5.0-py38h06a4308_0
  sqlite             pkgs/main/linux-64::sqlite-3.40.0-h5082296_0
  tk                 pkgs/main/linux-64::tk-8.6.12-h1ccaba5_0
  wheel              pkgs/main/noarch::wheel-0.37.1-pyhd3eb1b0_0
  xz                 pkgs/main/linux-64::xz-5.2.8-h5eee18b_0
  zlib               pkgs/main/linux-64::zlib-1.2.13-h5eee18b_0


Proceed ([y]/n)? 

Downloading and Extracting Packages
pip-22.3.1           | 2.7 MB    |            |   0% pip-22.3.1           | 2.7 MB    |            |   1% pip-22.3.1           | 2.7 MB    | #####4     |  54% pip-22.3.1           | 2.7 MB    | ########## | 100% pip-22.3.1           | 2.7 MB    | ########## | 100% 
Preparing transaction: ...working... done
Verifying transaction: ...working... done
Executing transaction: ...working... done


==> WARNING: A newer version of conda exists. <==
  current version: 4.10.1
  latest version: 22.11.1

Please update conda by running

    $ conda update -n base -c defaults conda


#
# To activate this environment, use
#
#     $ conda activate test-suite-env-1
#
# To deactivate an active environment, use
#
#     $ conda deactivate

Requirement already satisfied: numpy in /home/uni11/gwdg1/GWDG/sgupta5/.local/lib/python3.8/site-packages (1.23.2)
Requirement already satisfied: pandas in /home/uni11/gwdg1/GWDG/sgupta5/.local/lib/python3.8/site-packages (1.4.3)
Requirement already satisfied: python-dateutil>=2.8.1 in /home/uni11/gwdg1/GWDG/sgupta5/.local/lib/python3.8/site-packages (from pandas) (2.8.2)
Requirement already satisfied: pytz>=2020.1 in /home/uni11/gwdg1/GWDG/sgupta5/.local/lib/python3.8/site-packages (from pandas) (2022.2.1)
Requirement already satisfied: six>=1.5 in /home/uni11/gwdg1/GWDG/sgupta5/.local/lib/python3.8/site-packages (from python-dateutil>=2.8.1->pandas) (1.16.0)
0.8414709848078965
0.5403023058681397
{'temperatures': [4, 3, 7, 9, 11, 14, 16, 17, 12, 11, 9, 9], 'months': ['Jan', 'Feb', 'Mar', 'Apr', 'May', 'Jun', 'Jul', 'Aug', 'Sep', 'Oct', 'Nov', 'Dec']}
    temperatures months
0              4    Jan
1              3    Feb
2              7    Mar
3              9    Apr
4             11    May
5             14    Jun
6             16    Jul
7             17    Aug
8             12    Sep
9             11    Oct
10             9    Nov
11             9    Dec
============ Job Information ===================================================
Submitted: 2022-12-15T12:04:54
Started: 2022-12-15T12:04:55
Ended: 2022-12-15T12:08:00
Elapsed: 4 min, Limit: 60 min, Difference: 56 min
CPUs: 1, Nodes: 1
============= ProfiT-HPC =======================================================
To generate the ProfiT-HPC text report, run the following command
profit-hpc 14185516
================================================================================
