================================================================================
JobID = 14188253
User = sgupta5, Account = all
Partition = int, Nodelist = amp095
================================================================================
:BASIC TEST FOR LOADED MODULE CHECK FOR GIT:
1. Load git:

Currently Loaded Modules:
  1) anaconda3/2021.05   2) git/2.31.1

 

2. Create a git repository
git: 'inrerit' is not a git command. See 'git --help'.
fatal: not a git repository (or any parent up to mount point /home)
Stopping at filesystem boundary (GIT_DISCOVERY_ACROSS_FILESYSTEM not set).
git: 'adfd' is not a git command. See 'git --help'.

The most similar command is
	add
fatal: not a git repository (or any parent up to mount point /home)
Stopping at filesystem boundary (GIT_DISCOVERY_ACROSS_FILESYSTEM not set).
11110
============ Job Information ===================================================
Submitted: 2022-12-15T19:37:41
Started: 2022-12-15T19:37:41
Ended: 2022-12-15T19:37:43
Elapsed: 1 min, Limit:  min, Difference: -1 min
CPUs: 0, Nodes: 0
============= ProfiT-HPC =======================================================
To generate the ProfiT-HPC text report, run the following command
profit-hpc 14188253
================================================================================
